<?xml version="1.0" encoding="UTF-8"?>
<!-- Generated by org.testng.reporters.JUnitXMLReporter -->
<testsuite hostname="DESKTOP-GMVM8EO" ignored="0" name="Default test" tests="3" failures="0" timestamp="2020-02-17T17:36:54 CAT" time="294.473" errors="0">
  <testcase name="iLabJobApplication" time="209.976" classname="iLAB_WEBSITE.ParameterisedJobApplicationTest"/>
  <testcase name="iLabJobApplication" time="39.832" classname="iLAB_WEBSITE.ParameterisedJobApplicationTest"/>
  <testcase name="iLabJobApplication" time="38.31" classname="iLAB_WEBSITE.ParameterisedJobApplicationTest"/>
</testsuite> <!-- Default test -->
