<?xml version="1.0" encoding="UTF-8"?>
<!-- Generated by org.testng.reporters.JUnitXMLReporter -->
<testsuite hostname="DESKTOP-GMVM8EO" ignored="0" name="Run multiple iLAB Online Job Applications" tests="2" failures="0" timestamp="2020-02-17T13:35:19 CAT" time="128.917" errors="0">
  <testcase name="iLabJobApplication" time="88.965" classname="iLAB_WEBSITE.ParameterisedJobApplicationTest"/>
  <testcase name="iLabJobApplication" time="35.961" classname="iLAB_WEBSITE.ParameterisedJobApplicationTest"/>
</testsuite> <!-- Run multiple iLAB Online Job Applications -->
