<?xml version="1.0" encoding="UTF-8"?>
<!-- Generated by org.testng.reporters.JUnitXMLReporter -->
<testsuite hostname="DESKTOP-GMVM8EO" ignored="0" name="Validate Job Application Form" tests="1" failures="1" timestamp="2020-02-17T13:33:10 CAT" time="50.126" errors="0">
  <testcase name="validateRequiredFieldsOnJobForm" time="9.633" classname="iLAB_WEBSITE.ValidateJobApplicationFormTest">
    <failure type="junit.framework.ComparisonFailure" message="expected:&amp;lt;...121...&amp;gt; but was:&amp;lt;......&amp;gt;">
      <![CDATA[junit.framework.ComparisonFailure: expected:<...121...> but was:<......>
at junit.framework.Assert.assertEquals(Assert.java:81)
at junit.framework.Assert.assertEquals(Assert.java:87)
at iLAB_WEBSITE.ValidateJobApplicationFormTest.validateRequiredFieldsOnJobForm(ValidateJobApplicationFormTest.java:46)
at java.util.ArrayList.forEach(ArrayList.java:1257)
... Removed 27 stack frames]]>
    </failure>
  </testcase> <!-- validateRequiredFieldsOnJobForm -->
</testsuite> <!-- Validate Job Application Form -->
